<?xml version="1.0" encoding="UTF-8"?>
<!-- Generated by org.testng.reporters.JUnitReportReporter -->
<testsuite hostname="Admin" failures="0" tests="1" name="Test_Case.KTM_Test" time="27.013" errors="0" timestamp="2022-12-12T18:03:41 IST" skipped="0">
  <testcase classname="Test_Case.KTM_Test" name="ktm" time="27.013"/>
  <system-out/>
</testsuite> <!-- Test_Case.KTM_Test -->
